<?xml version="1.0" encoding="UTF-8"?>
<testsuite xmlns:xsi="http://www.w3.org/2001/XMLSchema-instance" xsi:noNamespaceSchemaLocation="https://maven.apache.org/surefire/maven-surefire-plugin/xsd/surefire-test-report-3.0.xsd" version="3.0" name="com.main.VotingappilcationApplicationTests" time="9.343" tests="1" errors="0" skipped="0" failures="0">
  <properties>
[...]
</properties>
  <testcase name="contextLoads" classname="com.main.VotingappilcationApplicationTests" time="0.654">
    <system-out><![CDATA[Standard Commons Logging discovery in action with spring-jcl: please remove commons-logging.jar from classpath in order to avoid potential conflicts
11:20:20.014 [main] INFO org.springframework.test.context.support.AnnotationConfigContextLoaderUtils -- Could not detect default configuration classes for test class [com.main.VotingappilcationApplicationTests]: VotingappilcationApplicationTests does not declare any static, non-private, non-final, nested classes annotated with @Configuration.
11:20:20.162 [main] INFO org.springframework.boot.test.context.SpringBootTestContextBootstrapper -- Found @SpringBootConfiguration com.main.VotingappilcationApplication for test class com.main.VotingappilcationApplicationTests

  .   ____          _            __ _ _
 /\\ / ___'_ __ _ _(_)_ __  __ _ \ \ \ \
( ( )\___ | '_ | '_| | '_ \/ _` | \ \ \ \
 \\/  ___)| |_)| | | | | || (_| |  ) ) ) )
  '  |____| .__|_| |_|_| |_\__, | / / / /
 =========|_|==============|___/=/_/_/_/

 :: Spring Boot ::                (v3.3.2)

2024-11-13T11:20:20.710+05:30  INFO 40000 --- [Votingappilcation] [           main] c.m.VotingappilcationApplicationTests    : Starting VotingappilcationApplicationTests using Java 21.0.1 with PID 40000 (started by ik651 in C:\Users\ik651\IdeaProjects\votingApplication)
2024-11-13T11:20:20.712+05:30  INFO 40000 --- [Votingappilcation] [           main] c.m.VotingappilcationApplicationTests    : No active profile set, falling back to 1 default profile: "default"
2024-11-13T11:20:21.924+05:30  INFO 40000 --- [Votingappilcation] [           main] .s.d.r.c.RepositoryConfigurationDelegate : Bootstrapping Spring Data JPA repositories in DEFAULT mode.
2024-11-13T11:20:22.209+05:30  INFO 40000 --- [Votingappilcation] [           main] .s.d.r.c.RepositoryConfigurationDelegate : Finished Spring Data repository scanning in 266 ms. Found 8 JPA repository interfaces.
2024-11-13T11:20:23.003+05:30  INFO 40000 --- [Votingappilcation] [           main] o.hibernate.jpa.internal.util.LogHelper  : HHH000204: Processing PersistenceUnitInfo [name: default]
2024-11-13T11:20:23.151+05:30  INFO 40000 --- [Votingappilcation] [           main] org.hibernate.Version                    : HHH000412: Hibernate ORM core version 6.5.2.Final
2024-11-13T11:20:23.245+05:30  INFO 40000 --- [Votingappilcation] [           main] o.h.c.internal.RegionFactoryInitiator    : HHH000026: Second-level cache disabled
2024-11-13T11:20:23.888+05:30  INFO 40000 --- [Votingappilcation] [           main] o.s.o.j.p.SpringPersistenceUnitInfo      : No LoadTimeWeaver setup: ignoring JPA class transformer
2024-11-13T11:20:23.939+05:30  INFO 40000 --- [Votingappilcation] [           main] com.zaxxer.hikari.HikariDataSource       : HikariPool-1 - Starting...
2024-11-13T11:20:24.502+05:30  INFO 40000 --- [Votingappilcation] [           main] com.zaxxer.hikari.pool.HikariPool        : HikariPool-1 - Added connection com.mysql.cj.jdbc.ConnectionImpl@adc8683
2024-11-13T11:20:24.508+05:30  INFO 40000 --- [Votingappilcation] [           main] com.zaxxer.hikari.HikariDataSource       : HikariPool-1 - Start completed.
2024-11-13T11:20:24.581+05:30  WARN 40000 --- [Votingappilcation] [           main] org.hibernate.orm.deprecation            : HHH90000025: MySQLDialect does not need to be specified explicitly using 'hibernate.dialect' (remove the property setting and it will be selected by default)
2024-11-13T11:20:25.940+05:30  INFO 40000 --- [Votingappilcation] [           main] o.h.e.t.j.p.i.JtaPlatformInitiator       : HHH000489: No JTA platform available (set 'hibernate.transaction.jta.platform' to enable JTA platform integration)
Hibernate: alter table candidates modify column logo MEDIUMBLOB
Hibernate: alter table candidates modify column photo MEDIUMBLOB
2024-11-13T11:20:26.110+05:30  INFO 40000 --- [Votingappilcation] [           main] j.LocalContainerEntityManagerFactoryBean : Initialized JPA EntityManagerFactory for persistence unit 'default'
2024-11-13T11:20:26.582+05:30  INFO 40000 --- [Votingappilcation] [           main] o.s.d.j.r.query.QueryEnhancerFactory     : Hibernate is in classpath; If applicable, HQL parser will be used.
2024-11-13T11:20:27.390+05:30  WARN 40000 --- [Votingappilcation] [           main] JpaBaseConfiguration$JpaWebConfiguration : spring.jpa.open-in-view is enabled by default. Therefore, database queries may be performed during view rendering. Explicitly configure spring.jpa.open-in-view to disable this warning
2024-11-13T11:20:27.430+05:30  INFO 40000 --- [Votingappilcation] [           main] r$InitializeUserDetailsManagerConfigurer : Global AuthenticationManager configured with UserDetailsService bean with name customUserDetailsService
2024-11-13T11:20:27.824+05:30 DEBUG 40000 --- [Votingappilcation] [           main] o.s.s.web.DefaultSecurityFilterChain     : Will secure any request with filters: DisableEncodeUrlFilter, WebAsyncManagerIntegrationFilter, SecurityContextHolderFilter, HeaderWriterFilter, CorsFilter, LogoutFilter, UsernamePasswordAuthenticationFilter, RequestCacheAwareFilter, SecurityContextHolderAwareRequestFilter, AnonymousAuthenticationFilter, SessionManagementFilter, ExceptionTranslationFilter, AuthorizationFilter
2024-11-13T11:20:28.237+05:30  INFO 40000 --- [Votingappilcation] [           main] c.m.VotingappilcationApplicationTests    : Started VotingappilcationApplicationTests in 7.838 seconds (process running for 9.444)
Hibernate: select u1_0.voter_card_no,u1_0.dob,u1_0.gender,u1_0.mobile,u1_0.name,u1_0.password from users u1_0 where u1_0.voter_card_no=?
Hibernate: select r1_0.voter_card_no,r1_0.role from user_roles r1_0 where r1_0.voter_card_no=?
]]></system-out>
    <system-err><![CDATA[WARNING: A Java agent has been loaded dynamically (C:\Users\ik651\.m2\repository\net\bytebuddy\byte-buddy-agent\1.14.18\byte-buddy-agent-1.14.18.jar)
WARNING: If a serviceability tool is in use, please run with -XX:+EnableDynamicAgentLoading to hide this warning
WARNING: If a serviceability tool is not in use, please run with -Djdk.instrument.traceUsage for more information
WARNING: Dynamic loading of agents will be disallowed by default in a future release
]]></system-err>
  </testcase>
</testsuite>